<?xml version="1.0" encoding="UTF-8"?>
<!-- Generated by org.testng.reporters.JUnitReportReporter -->
<testsuite skipped="0" hostname="Ahammed" name="Test.Login.TC002_LoginWithVaildAdminIdandPassWord" tests="1" failures="0" timestamp="18 Aug 2018 04:47:01 GMT" time="18.036" errors="0">
  <testcase name="singupFrom" time="18.036" classname="Test.Login.TC002_LoginWithVaildAdminIdandPassWord"/>
</testsuite> <!-- Test.Login.TC002_LoginWithVaildAdminIdandPassWord -->
