<?xml version="1.0" encoding="UTF-8"?>
<!-- Generated by org.testng.reporters.JUnitReportReporter -->
<testsuite skipped="0" hostname="Ahammed" name="Test.singUp.TC001_singUp" tests="1" failures="0" timestamp="06 Jun 2018 09:01:14 GMT" time="13.377" errors="0">
  <testcase name="singupFrom" time="13.377" classname="Test.singUp.TC001_singUp"/>
</testsuite> <!-- Test.singUp.TC001_singUp -->
